npm notice
npm notice 📦  @CoderDeltaLAN/ci-matrix-starter@0.1.7
npm notice Tarball Contents
npm notice 3.5kB _ci/clean_failed_runs.zsh
npm notice 53.2kB .coverage
npm notice 214B .editorconfig
npm notice 177B .gitattributes
npm notice 98B .github/auto_assign.yml
npm notice 38B .github/CODEOWNERS
npm notice 478B .github/dependabot.yml
npm notice 156B .github/FUNDING.yml
npm notice 625B .github/ISSUE_TEMPLATE/bug_report.yml
npm notice 212B .github/ISSUE_TEMPLATE/config.yml
npm notice 529B .github/ISSUE_TEMPLATE/feature_request.yml
npm notice 433B .github/labeler.yml
npm notice 323B .github/PULL_REQUEST_TEMPLATE.md
npm notice 433B .github/release-drafter.yml
npm notice 1.6kB .github/workflows/_disabled/npm-gpr.yml
npm notice 876B .github/workflows/auto-approve.yml
npm notice 218B .github/workflows/auto-assign-badge.yml
npm notice 383B .github/workflows/auto-assign.yml
npm notice 740B .github/workflows/build.yml
npm notice 605B .github/workflows/codeql.yml
npm notice 238B .github/workflows/dependabot-automerge-badge.yml
npm notice 612B .github/workflows/dependabot-automerge.yml
npm notice 233B .github/workflows/ghcr-publish-badge.yml
npm notice 871B .github/workflows/ghcr-publish.yml
npm notice 386B .github/workflows/labeler.yml
npm notice 216B .github/workflows/pr-labeler-badge.yml
npm notice 1.4kB .github/workflows/publish-pypi.yml
npm notice 346B .github/workflows/py-ci-badge.yml
npm notice 1.6kB .github/workflows/py-ci.yml
npm notice 384B .github/workflows/release-drafter.yml
npm notice 220B .github/workflows/release-sbom-badge.yml
npm notice 538B .github/workflows/release-sbom.yml
npm notice 809B .github/workflows/scorecards.yml
npm notice 788B .github/workflows/semantic-pr.yml
npm notice 2.3kB .github/workflows/supply-chain.yml
npm notice 274B .github/workflows/ts-ci-badge.yml
npm notice 2.1kB .github/workflows/ts-ci.yml
npm notice 906B .pre-commit-config.yaml
npm notice 898B .pre-commit-config.yaml.bak
npm notice 113B .prettierignore
npm notice 15B .python-version
npm notice 143B CHANGELOG.md
npm notice 228B CODE_OF_CONDUCT.md
npm notice 459B CONTRIBUTING.md
npm notice 369B Dockerfile
npm notice 1.1kB LICENSE
npm notice 11.6kB README.md
npm notice 170B SECURITY.md
npm notice 40B docs/auto-assign-smoke.md
npm notice 556B docs/research/20250917-ci-base.md
npm notice 163B docs/research/20250919-ci-healthcheck.md
npm notice 211.7kB docs/screens/local-sanity.png
npm notice 479B eslint.config.mjs
npm notice 1.0kB package.json
npm notice 34.4kB poetry.lock
npm notice 823B pyproject.toml
npm notice 893B scripts/ci-local.sh
npm notice 37B src/ci_matrix_starter/__init__.py
npm notice 297B src/ci_matrix_starter/__pycache__/__init__.cpython-312.pyc
npm notice 33B src/index.ts
npm notice 1.4kB tests/__pycache__/test_main.cpython-312-pytest-8.4.1.pyc
npm notice 1.2kB tests/__pycache__/test_ping.cpython-312-pytest-8.4.1.pyc
npm notice 1.2kB tests/__pycache__/test_ping.cpython-312-pytest-8.4.2.pyc
npm notice 82B tests/test_ping.py
npm notice 228B tsconfig.json
npm notice Tarball Details
npm notice name: @CoderDeltaLAN/ci-matrix-starter
npm notice version: 0.1.7
npm notice filename: CoderDeltaLAN-ci-matrix-starter-0.1.7.tgz
npm notice package size: 231.7 kB
npm notice unpacked size: 348.7 kB
npm notice shasum: 25813183e4d1d54bbc46df179560926210af7e08
npm notice integrity: sha512-Xa9yu7GI0qir3[...]6mPAoiomAHnMg==
npm notice total files: 65
npm notice
